{"C:\\Users\\Administrator\\Desktop\\Faculdade\\Qualidade de Teste\\Teste com JEST\\sum.js": {"path":"C:\\Users\\Administrator\\Desktop\\Faculdade\\Qualidade de Teste\\Teste com JEST\\sum.js","statementMap":{"0":{"start":{"line":2,"column":4},"end":{"line":3,"column":50}},"1":{"start":{"line":3,"column":8},"end":{"line":3,"column":50}},"2":{"start":{"line":5,"column":4},"end":{"line":8,"column":22}},"3":{"start":{"line":6,"column":8},"end":{"line":6,"column":55}},"4":{"start":{"line":8,"column":9},"end":{"line":8,"column":22}},"5":{"start":{"line":10,"column":2},"end":{"line":10,"column":23}}},"fnMap":{"0":{"name":"sum","decl":{"start":{"line":1,"column":9},"end":{"line":1,"column":12}},"loc":{"start":{"line":1,"column":19},"end":{"line":9,"column":3}},"line":1}},"branchMap":{"0":{"loc":{"start":{"line":2,"column":4},"end":{"line":3,"column":50}},"type":"if","locations":[{"start":{"line":2,"column":4},"end":{"line":3,"column":50}},{"start":{},"end":{}}],"line":2},"1":{"loc":{"start":{"line":2,"column":7},"end":{"line":2,"column":53}},"type":"binary-expr","locations":[{"start":{"line":2,"column":7},"end":{"line":2,"column":28}},{"start":{"line":2,"column":32},"end":{"line":2,"column":53}}],"line":2},"2":{"loc":{"start":{"line":5,"column":4},"end":{"line":8,"column":22}},"type":"if","locations":[{"start":{"line":5,"column":4},"end":{"line":8,"column":22}},{"start":{"line":8,"column":9},"end":{"line":8,"column":22}}],"line":5},"3":{"loc":{"start":{"line":5,"column":7},"end":{"line":5,"column":23}},"type":"binary-expr","locations":[{"start":{"line":5,"column":7},"end":{"line":5,"column":13}},{"start":{"line":5,"column":18},"end":{"line":5,"column":23}}],"line":5}},"s":{"0":7,"1":3,"2":4,"3":1,"4":3,"5":1},"f":{"0":7},"b":{"0":[3,4],"1":[7,6],"2":[1,3],"3":[4,2]},"_coverageSchema":"1a1c01bbd47fc00a2c39e90264f33305004495a9","hash":"bc1f5677f45e5896ddd5f9050d7c0e65d2626878"}
}
